1707504104015:help
1707504168919:Key-Gem
1707504173720:Key-Gen
1707504190763:Export-Keys
1707504199772:Key-Gen
1707504204579:export-keys
1707504208972:Export-Keys
1707504342668:help
1707504352612:trapdoorGen
1707504367206:encrypt
1707504395881:generateIV
1707504400713:genIV
1707504652537:help
1707504660108:quit
1707517579883:help
1707517588534:upload-file
1707517612694:help
1707518234523:upload-file
1707518273926:stacktrace
1707518960973:upload-file
1707519683699:help
1707519697647:component single
1707519705974:stacktrace
1707519929776:component single
1707519939629:component single hello
1707519948297:stacktrace
1707593870912:help
1707593885732:clear
1707593899910:exit
1707646243844:help
1707646253121:uploadFile
1707646280183:stacktrace
1707648324253:uploadFile
1707648385722:exit
1707652131190:help
1707652341270:asdfsdfsdf
1707652343607:help
1707652510713:exit
1707652674300:help
1707652737179:exit
1707653173883:uploadFile
1707653181106:help
1707653188536:print-documents
1707653219480:uploadFile
1707653226978:print-documents
1707653242309:help
1707653250725:genHMAC
1707653262615:trapdoorGen
1707653269204:keyGen
1707653274725:exportKeys
1707653285298:encrypt
1707653311536:encrypt --plaintext Nathan --secretKey 9ShkDpYm/c+gL6+jLusawIkDMUKL66b7892RCyBVWrc=
1707658921483:help
1707658925759:keyGen
1707658930279:exportKeys
1707660064811:help
1707660694321:exit
1707661059334:clear
1707661061972:help
1707661070401:uploadFile
1707661089017:print-documents
1707661095817:keyGen
1707661102981:exportKeys
1707661190599:stacktrace
1707661567391:exit
1707661644682:clear
1707661648807:help
1707661653143:keyGen
1707661661092:exportKeys
1707661799456:exit
1707661820374:clear
1707661822354:help
1707661828569:exportKeys
1707661841839:stacktrace
1707661874420:help
1707661878844:version
1707661888087:uploadFile
1707661905258:print-documents
1707692202323:help
1707692210269:exit
1707932603285:help
1707932897915:exit
1712096816278:help
1712096827225:generate-keys
1712096834394:upload-file
1712096852560:plaintext/dog.txt
1712096860931:exit
1712096922175:help
1712096942317:quit
1712097010923:help
1712097014345:search
1712097022724:generate-keys
1712097035657:upload-file
1712097037952:asbd
1712097808265:help
1712097842192:upload file
1712097849522:upload-file
1712097851865:abcd
1712099083349:help
1712099088524:upload-file
1712099091693:abd
1712099140534:help
1712099145810:upload-file
1712099147970:asd
1712099224021:upload-file
1712099225311:asf
1712099234237:help
1712099264307:upload-file
1712099268813:plaintext/dog.txt
1712099328745:help
1712099337523:upload-all-files
1712099342083:plaintext
1712099359642:generate-keys
1712099365768:upload-file
1712099374828:plaintext/plane.csv
1712099383807:upload-file
1712099390306:plaintext/dog.txt
1712099393813:help
1712099398002:search
1712099407587:upload-all-files
1712099409989:plaintext
1712099465969:generate-keys
1712099474276:upload-all-files
1712099476721:plaintext
1712099483559:quit
1712099843342:help
1712099849912:upload-all-files
1712099852086:plaintext
1712099855777:generate-keys
1712099863772:upload-all-files
1712099865962:plaintext
1712099871615:search
1712099889661:hat
1712100044552:generate-keys
1712100058318:upload-all-files
1712100060584:plaintext
1712100063074:search
1712100064842:hat
1712100070363:search
1712100071549:cat
1712100076348:search
1712100077860:them
1712100081385:search
1712100082903:nathan
1712100091063:search
1712100093295:day
1712100095969:search
1712100098935:cat
1712100101519:search
1712100102538:a
1712100106528:search
1712100108808:Hello
1712100128037:search
1712100130319:espresso
1712100134051:search
1712100137322:espress
1712100146393:quit
1712668616503:help
1712669485592:generate-keys
1712669496607:upload-all-files
1712669499441:plaintext
1712669502626:search
1712669506067:cat
1712669531284:help
1712669541705:exit
1712860318594:help
1712860328831:generate-
1712860333693:generate-keys
1712860336805:export-key
1712860647641:exit
1712860995744:help
1712860998535:generate-keys
1712861002002:export-key
1712861073690:generate-keys
1712861077239:export-keys
1712862307747:help
1712862310510:generate-kets
1712862314556:generate-keys
1712862319830:export-keys
1712862377762:generate-keys
1712862382473:export-keys
1712862436815:Nathan@123!
1713007101192:help
1713007104500:download-file
1713007114117:import-keys
1713007118180:export-keys
1713007178986:exit
1713007190422:export-keys
1713007319597:exit
1713007335110:help
1713007341961:export-keys
1713007347771:generate-keys
1713007354451:export-keys
1713007397068:exit
1713007504663:generate-keys
1713007507983:upload-file
1713007515118:plaintext/dog.txt
1713007554196:exit
1713007806393:help
1713007812082:generate-keys
1713007821664:upload-all-files
1713007824291:plaintext
1713007826459:search
1713007829002:bird
1713007832230:download-file
1713007835124:1
1713007849517:Downloads
1713007937319:exit
1713007955489:generate-keys
1713007957589:help
1713007961606:upload-all-files
1713007965184:plaintext
1713007967994:help
1713007973867:export-keys
1713007983089:help
1713007987319:search
1713007993605:espresso
1713007997461:download-file
1713008000769:1
1713008010326:search_results
1713008239383:help
1713008253126:upload-all-files
1713008255644:plaintext
1713008428204:help
1713008431975:upload-all-files
1713008437244:upload-file
1713008441156:generate-keys
1713008449037:upload-all-files
1713008451103:plaintext
1713008453633:help
1713008463348:search
1713008466625:them
1713008470466:search
1713008472188:the
1713008477045:download-file
1713008482240:3
1713012057830:help
1713012062701:import-keys
1713012070778:sse_keystore.p12
1713012081966:exit
1713012102044:generate-keys
1713012105391:export-keys
1713012151370:exit
1713012166484:import-keys
1713012171206:sse_keystore.p12
1713012207239:stacktrace
1713012411257:generate-keys
1713012424564:export-keys
1713012435844:exit
1713012461528:import-keys
1713012466886:sse_keystore.p12
1713012477977:stacktrace
1713012691650:generate-keys
1713012695261:export-keys
1713012708395:quit
1713012718976:import-keys
1713012724374:sse_keystore.p12
1713012735093:stacktrace
1713012808555:generate-keys
1713012812586:export-keys
1713012822238:quit
1713012830530:import-keys
1713012835140:sse_keystore.p12
1713012847569:upload-file
1713012854489:plaintext/bird.txt
1713012857337:search
1713012859058:bird
1713012867087:upload-all-files
1713012869302:plaintext
1713012871908:search
1713012873780:the
1713012882673:searh
1713012884339:search
1713012887881:espresso
1713012890404:search
1713012895097:bird
1713012899915:stacktrace
1713012925563:import-keys
1713012929156:sse_keystore.p12
1713012937666:upload-all-files
1713012939949:plaintext
1713012943194:search
1713012945431:the
1713012949756:search
1713012956918:espresso
1713012994794:help
1713012997638:download-file
1713013001039:2
1713013014231:stacktrace
1713013082315:exit
1713013368814:help
1713013374864:history
1713013384077:upload-all-files
1713013391452:generate-keys
1713013407556:download-file
1713013410783:search
1713013567746:help
1713013570791:generate-keys
1713013578673:upload-all-files
1713013583740:plaintext
1713013586451:search
1713013589179:the
1713013593649:search
1713013595600:espresso
1713013599013:search
1713013601503:day
1713013606389:download-file
1713013608129:1
1713013628677:search
1713013630158:night
1713013635827:download-file
1713013637127:2
1713013671688:help
1713013675721:export-keys
1713013684444:exit
1713013696667:import-keys
1713013701386:sse_keystore.p12
1713013711745:upload-all-files
1713013714054:plaintext
1713013716638:search
1713013718707:night
1713013721724:search
1713013723571:espresso
1713013726463:download-file
1713013728010:1
1713013745125:search
1713013750518:cultural
1713013760843:quit
1713013860678:help
1713013869394:exit
1713044133136:generate-keys
1713044137039:export-keys
1713044143163:quit
1713044153961:import-keuys
1713044156254:import-keys
1713044159875:sse_keystore.p12
1713044170039:upload-all-files
1713044172068:plaintext
1713044177404:search
1713044182138:culture
1713044186147:search
1713044187481:dog
1713044189322:search
1713044193724:quite
1713044197183:search
1713044213957:fun
1713044216982:search
1713044218869:fly
1713044222939:search
1713044225306:flying
1713044230171:search
1713044242271:soared
1713044254664:download-file
1713044256180:1
1713044270306:exit
1713105334636:help
1713105876364:generate-keys
1713105887649:download-file
1713105979192:exit
1713106280616:generate-keys
1713106310951:upload-file
1713106317495:plaintext/espresso.txt
1713106328287:download-file
1713106348711:export-keys
1713106516661:import-keys
1713106518817:abc
1713106739810:exit
1713107151526:generate-keys
1713116056326:upload-file
1713116060917:plaintext/cat.txt
1713116083865:upload-file
1713116089352:plaintext/coffee_facts.txt
1713116114659:upload-file
1713116122836:plaintext/strawberry_farming.txt
1713128215047:generate-keys
1713128219900:upload-all-fikes
1713128226894:upload-all-files
1713128230139:plaintext
1713128238387:exit
1713128306979:generate-keys
1713128311482:upload-all-files
1713128314573:plaintext
1713128653760:exit
1713187927916:generate-keys
1713187937482:upload-all-files
1713187940256:plaintext
1713187962032:search
1713187964883:the
1713187982164:download-file
1713188046529:9
1713188051137:exit
1713188323224:generate-keys
1713188339953:upload-all-files
1713188342126:plaintext
1713188347828:search
1713188350334:the
1713188355681:download-file
1713188411328:4
1713188424355:download-fike
1713188426980:download-filke
1713188429445:download-file
1713188433937:13
1713188452974:download-file
1713188458690:1
1713188472548:download-file
1713188479434:6
1713188490776:download-file
1713188496311:7
1713188509055:download-file
1713188522365:10
1713188540681:download-file
1713188546453:12
1713188558447:download-file
1713188565549:8
1713188576732:download-file
1713188581387:5
1713189155907:exiot
1713189157060:exit
1713189297348:generate-keys
1713189301494:upload-file
1713189316408:plaintext/1000_strawberry.txt
1713189322365:test
1713189340210:generate-keys
1713189346311:upload-file
1713189353484:plaintext/2500_OWASP.txt
1713189355777:test
1713189376298:generate-keys
1713189379370:upload-file
1713189388574:plaintext/5000_ocean.txt
1713189390423:test
1713189410902:generate-keys
1713189413915:upload-file
1713189432769:plaintext/7500_History_of_Computing.txt
1713189435067:test
1713189461916:generate-keys
1713189465679:upload-file
1713189475410:plaintext/10K_cardiac.txt
1713189478675:test
1713189512316:generate-keys
1713189516094:upload-file
1713189527448:plaintext/12500.txt
1713189528976:test
1713189547458:generate-keys
1713189549724:upload-fike
1713189554224:upload-file
1713189564475:plaintext/15000.txt
1713189566645:test
1713189583731:generate-keys
1713189587869:upload-file
1713189594153:plaintext/17500.txt
1713189595803:test
1713189617886:generate-keys
1713189622083:upload-file
1713189632205:plaintext/20K.txt
1713189633897:test
1713195203221:generate-keys
1713195206890:upload-all-files
1713195211505:file_group
1713195215728:test
1713195245037:generate-keys
1713195248709:upload-all-files
1713195250993:file_group
1713195252381:test
1713195271243:generate-keys
1713195275982:upload-all-files
1713195280962:file_group
1713195282625:test
1713195910151:generate-keys
1713195912772:upload-file
1713195974284:file_group/5000_1.txt
1713195976554:test
1713196017357:generate-keys
1713196021416:upload-file
1713196030465:file_group/5000_1.txt
1713196035039:upload-file
1713196045374:file_group/5000_2.txt
1713196047788:test
1713196078467:generate-keys
1713196080924:upload-file
1713196087928:file_group/5000_3.txt
1713196091421:upload-file
1713196097175:file_group/5000_2.txt
1713196100902:upload-file
1713196106738:file_group/5000_1.txt
1713196107846:test
1713196124108:generate-keys
1713196144433:upload-all-files
1713196147717:file_group
1713196149233:test
1713196188955:generate-keys
1713196192312:upload-all-files
1713196195819:file_group
1713196197258:test
1713196214617:generate-keys
1713196217769:upload-all-files
1713196219596:plaintext
1713196221142:test
1713196935541:generate-keys
1713196939094:upload-all-files
1713196940666:plaintext
1713196945271:test
1713196973611:Carousel
1713197061881:test
1713197064763:Whistle
1713197079588:test
1713197082144:Carousel
1713197092573:est
1713197093815:test
1713197097163:Umbrella
1713197104881:test
1713197106747:Sapphire
1713197115010:test
1713197116702:Beacon
1713197126981:test
1713197128947:Venture
1713197136551:test
1713197139626:Mirage
1713197146701:test
1713197148686:Harvest
1713197154786:test
1713197158552:Chronicle
1713197166012:test
1713197167587:Lantern
1713197174651:test
1713197178371:Summit
1713197191914:test
1713197193955:Velocity
1713197201754:test
1713197203364:Eclipse
1713197210079:test
1713197212990:Orchard
1713197224733:test
1713197226953:Espresso
1713198428299:generate-keys
1713198431971:upload-all-files
1713198435391:plaintext
1713198438600:search
1713198440866:fish
1713198447497:search
1713198449747:heart
1713198455356:search
1713198458327:espresso
1713198480163:search
1713198481904:ocean
1713198487367:search
1713198488970:ocean
1713198588285:search
1713198590037:the
1713198624823:search
1713198626562:The
1713198671969:search
1713198676529:Xylophone
1713199229922:search
1713199233206:heart
1713199247500:search
1713199249767:sky
1713199259529:search
1713199260834:car
1713199271965:search
1713199274860:energy
1713199287176:search
1713199290265:electricity
1713199293760:search
1713199297076:technology
1713199395249:search
1713199398969:cardiac
1713199403051:search
1713199405166:health
1713201804235:generate-keys
1713201809272:upload-all-files
1713201810953:plaintext
1713201812769:search
1713201814868:the
1713202146049:generate-keys
1713202150819:upload-all-files
1713202152888:plaintext
1713202156281:xylophone
1713202159424:search
1713202162879:Xylophone
1713202317634:generate-keys
1713202321756:upload-all-files
1713202323225:plaintext
1713202324800:search
1713202327978:xylophone
1713202651099:generate-keys
1713202657767:upload-all-files
1713202659554:plaintext
1713202661670:search
1713202667071:Xylophone
1713202674645:search
1713202676685:The
1713202690426:search
1713202694052:Ocean
1713202863045:generate-keys
1713202869715:upload-all-files
1713202871548:plaintext
1713202873363:ocean
1713202875854:search
1713202877669:ocean
1713202883772:search
1713202885768:health
1713205730868:generate-keys
1713205736012:upload-all-files
1713205738471:plaintext
1713205740301:search
1713205745057:Xylophone
1713205858398:generate-keys
1713205863573:upload-all-files
1713205865580:plaintext
1713205867545:search
1713205871144:Xylophone
1713205930739:generate-keys
1713205936153:upload-all-fiules
1713205940908:upload-all-files
1713205943054:plaintext
1713205945350:search
1713205949665:Xylophone
1713206037898:search
1713206040673:oOcean
1713206125484:search
1713206127596:ocean
1713206130984:search
1713206132726:Ocean
1713206160313:search
1713206162653:Health
1713206174518:search
1713206177668:Technology
1713206192709:search
1713206194958:The
1713206671019:generate-keys
1713206693302:upload-all-files
1713206695455:plaintext
1713206697212:search
1713206703629:Xylophone
1713206733780:search
1713206736167:Ocean
1713206749319:search
1713206751933:Ocean
1713206869606:generate-keys
1713206874166:upload-all-files
1713206876276:plaintext
1713206878097:search
1713206881848:Xylophone
1713206896946:search
1713206899455:Ocean
1713206920154:search
1713206925714:Health
1713206952299:search
1713206955509:Technology
1713207007484:generate-keys
1713207011833:upload-all-files
1713207013919:plaintext
1713207015570:search
1713207019410:Technology
1713207029865:stacktracce
1713207032306:stacktrace
1713207164412:search
1713207167891:Technology
1713207236200:search
1713207237885:The
1713207244530:stacktrace
1713207337684:generate-keys
1713207342169:upload-all-files
1713207345142:plaintext
1713207347338:search
1713207349249:The
1713207464940:generate-keys
1713207469570:upload-all-files
1713207471586:plaintext
1713207473338:search
1713207475835:Ocean
1713207480522:search
1713207484165:Technology
1713207488446:search
1713207490866:Health
1713207496361:search
1713207498697:Health
1713207508256:search
1713207510132:The
1713207515414:search
1713207519693:Xylophone
1713207557732:search
1713207561486:Xylophone
1713207592254:generate-keys
1713207596343:upload-all-files
1713207599027:plaintext
1713207600633:search
1713207604334:Xylophone
1713207607030:search
1713207608970:Ocean
1713207612201:search
1713207614444:Health
1713207617331:search
1713207620517:Xylophone
1713207624833:search
1713207627690:Xylophone
1713207685192:generate-keys
1713207692193:upload-all-files
1713207694665:plaintext
1713207697369:search
1713207700895:Xylophone
1713207704657:search
1713207706729:ocean
1713207870679:generate-keys
1713207875668:upload-all-files
1713207878065:plaintext
1713207879691:search
1713207882196:Health
1713207885580:search
1713207895125:Technology
1713207899907:search
1713207903963:Xylophone
1713207907877:Search
1713207912005:search
1713207913623:The
1713207917362:search
1713207919162:Ocean
1713207930547:search
1713207932936:Ocean
1713207943137:search
1713207946331:Ocean
1713208102634:generate-keys
1713208108664:upload-all-files
1713208111073:plaintext
1713208114482:search
1713208118963:Xylophone
1713208122206:search
1713208125266:Ocean
1713208128820:search
1713208132736:Health
1713208136471:search
1713208140747:Technology
1713208144166:serach
1713208145741:search
1713208150152:The
1713208183769:generate-keys
1713208188205:upload-all-files
1713208191060:plaintext
1713208192825:search
1713208199129:Xylophone
1713208332649:search
1713208337142:generate-keys
1713208340915:upload-all-files
1713208343676:plaintext
1713208345301:search
1713208348748:Xylophone
1713208352020:search
1713208353626:Ocen
1713208356474:search
1713208358469:Ocean
1713208364154:search
1713208365912:Ocean
1713208368986:search
1713208371777:Health
1713208374776:search
1713208377191:Technology
1713208381736:search
1713208383521:The
1713223936939:help
1713261444046:generate-keys
1713261448860:upload-file
1713261456444:plaintext/1000_strawberry.txt
1713261572447:upload-file
1713261577371:plaintext/invalid.json
1713261768389:upload-file
1713261776981:plaintext/notreal.txt
1713261907169:generate-keys
1713261910937:upload-file
1713261926128:plaintext/empty.txt
1713262059430:upload-file
1713262170229:generate-keys
1713262173239:upload-file
1713262174979:plaintext
1713262181222:upload-file
1713262183299:plaintext/
1713262371551:upload-file
1713262378743:plaintext/20K.txt
1713262667442:upload-all-files
1713262670655:file_group
1713262807748:upload-all-files
1713262810757:file_group
1713262969579:upload-all-files
1713262972041:file_group
1713263533933:upload-all-files
1713264034086:generate-keys
1713264037694:upload-all-files
1713264040252:plaintext
1713266056001:search
1713266058894:ocean
1713266065809:download-fi,e
1713266070347:download-file
1713266072010:1
1713435916978:download-file
1713436027316:generate-keys
1713436030468:upload-all-files
1713436032012:plaintext
1713436039203:search
1713436041338:ocean
1713436046299:download-file
1713436049136:A
1713436112241:stacktracec
1713436115011:stacktrace
1713436228150:generate-keys
1713436233330:upload-all-files
1713436235235:plaintext
1713436237467:search
1713436240050:Health
1713436243739:download-file
1713436245532:a
1713436383044:generate-keys
1713436387055:upload-all-files
1713436389119:plaintext
1713436392418:search
1713436394980:Health
1713436399077:download-file
1713436401657:a
1713436440806:download-file
1713437032569:generate-keys
1713437148563:export-keys
1713437896337:import-leys
1713437899998:import-keys
1713437913635:./keys/sse_keystore.p12
1713438074300:import-keys
1713438080968:./keys/sse_keystore.p12
1713438855177:import-keys
1713438859232:sse_keystore.p12
1713438922035:import-keys
1713438925152:sse_keystore.p12
1713439431807:import-keys
1713439437503:sse_keystore.p12
1713440501940:upload-file
1713440507673:plaintext/20K.txt
1713441122120:search
1713441190991:upload-all-files
1713441194363:generate-keys
1713441197121:upload-all-files
1713441198666:plaintext
1713441200785:search
1713441308076:Health
1713441505320:search
1713441507757:Hadron
1713441618863:generate-keys
1713441621920:upload-all-files
1713441624846:plaintext
1713441627049:search
1713441629721:Hadron
1713441702683:search
1713441707930:help
1714135891262:upload-all-files
1714135894116:generate-keys
1714135899208:upload-all-files
1714135901488:plaintext
1714135915309:export-keys
1714135929372:search
1714135931950:Health
1714135984718:help
1714137058991:upload-all-files
1714137064900:upload-file
1714137069154:search
1714137075176:generate-keys
1714137081894:upload-file
1714137108953:plaintext/5000_ocean.txt
1714137113962:upload-all-files
1714137116798:plaintext
1714137131787:search
1714137254636:Health
1714137268690:search
1714137275602:the
1714137279666:search
1714137282907:Xylophone
1714137292345:search
1714137310791:the
1714137316459:help
1714137322641:download-file
1714137333395:8
1714137349250:download-file
1714137353136:11
1714137926017:help
